<?xml version="1.0" encoding="UTF-8" ?>
<testsuite errors="0" failures="1" hostname="PC286314" name="com.junit.single_Test" skipped="0" tests="3" time="0.57" timestamp="2018-04-02T11:44:34">
  <properties>
[...]
</properties>
  <testcase classname="com.junit.single_Test" name="test_junit2" time="0.35" />
  <testcase classname="com.junit.single_Test" name="test_junit3" time="0.037">
    <failure message="expected:&lt;7&gt; but was:&lt;6&gt;" type="junit.framework.AssertionFailedError">junit.framework.AssertionFailedError: expected:&lt;7&gt; but was:&lt;6&gt;
	at com.junit.single_Test.test_junit3(single_Test.java:28)
</failure>
  </testcase>
  <testcase classname="com.junit.single_Test" name="test_junit" time="0.0" />
  <system-out><![CDATA[17:14:34,400 |-INFO in ch.qos.logback.classic.LoggerContext[default] - Could NOT find resource [logback.groovy]
17:14:34,400 |-INFO in ch.qos.logback.classic.LoggerContext[default] - Could NOT find resource [logback-test.xml]
17:14:34,401 |-INFO in ch.qos.logback.classic.LoggerContext[default] - Found resource [logback.xml] at [jar:file:/D:/DevOps/cobertura-2.1.1/cobertura-2.1.1-sources.jar!/logback.xml]
17:14:34,402 |-WARN in ch.qos.logback.classic.LoggerContext[default] - Resource [logback.xml] occurs multiple times on the classpath.
17:14:34,403 |-WARN in ch.qos.logback.classic.LoggerContext[default] - Resource [logback.xml] occurs at [jar:file:/D:/DevOps/cobertura-2.1.1/cobertura-2.1.1.jar!/logback.xml]
17:14:34,403 |-WARN in ch.qos.logback.classic.LoggerContext[default] - Resource [logback.xml] occurs at [jar:file:/D:/DevOps/cobertura-2.1.1/cobertura-2.1.1-sources.jar!/logback.xml]
17:14:34,430 |-INFO in ch.qos.logback.core.joran.spi.ConfigurationWatchList@7ca48474 - URL [jar:file:/D:/DevOps/cobertura-2.1.1/cobertura-2.1.1-sources.jar!/logback.xml] is not of type file
17:14:34,496 |-INFO in ch.qos.logback.classic.joran.action.ConfigurationAction - debug attribute not set
17:14:34,499 |-INFO in ch.qos.logback.core.joran.action.AppenderAction - About to instantiate appender of type [ch.qos.logback.core.ConsoleAppender]
17:14:34,507 |-INFO in ch.qos.logback.core.joran.action.AppenderAction - Naming appender as [STDOUT]
17:14:34,527 |-INFO in ch.qos.logback.core.joran.action.NestedComplexPropertyIA - Assuming default type [ch.qos.logback.classic.encoder.PatternLayoutEncoder] for [encoder] property
17:14:34,561 |-INFO in ch.qos.logback.classic.joran.action.LoggerAction - Setting level of logger [net.sourceforge.cobertura] to INFO
17:14:34,561 |-INFO in ch.qos.logback.classic.joran.action.RootLoggerAction - Setting level of ROOT logger to DEBUG
17:14:34,561 |-INFO in ch.qos.logback.core.joran.action.AppenderRefAction - Attaching appender named [STDOUT] to Logger[ROOT]
17:14:34,562 |-INFO in ch.qos.logback.classic.joran.action.ConfigurationAction - End of configuration.
17:14:34,562 |-INFO in ch.qos.logback.classic.joran.JoranConfigurator@337d0578 - Registering current configuration as safe fallback point

]]></system-out>
  <system-err><![CDATA[]]></system-err>
</testsuite>
